<?xml version="1.0" encoding="UTF-8"?>
<!-- Generated by org.testng.reporters.JUnitXMLReporter -->
<testsuite ignored="0" hostname="DELL" failures="0" tests="2" name="LoginFunctions" time="90.764" errors="0" timestamp="2025-03-02T21:03:27 GMT-08:00">
  <testcase classname="LoginTestCases.LoginFunctionality" name="LoginUserWithCorrectEmailandPassword" time="21.612"/>
  <testcase classname="LoginTestCases.LoginFunctionality" name="LoginUserWithWrongEmailandPassword" time="8.446"/>
</testsuite> <!-- LoginFunctions -->
