<?xml version="1.0" encoding="UTF-8"?>
<!-- Generated by org.testng.reporters.JUnitXMLReporter -->
<testsuite ignored="0" hostname="DELL" failures="0" tests="2" name="LoginFunctions" time="78.256" errors="0" timestamp="2024-12-27T02:48:35 GMT-08:00">
  <testcase classname="LoginTestCases.LoginFunctionality" name="LoginUserWithCorrectEmailandPassword" time="18.931"/>
  <testcase classname="LoginTestCases.LoginFunctionality" name="LoginUserWithWrongEmailandPassword" time="3.365"/>
</testsuite> <!-- LoginFunctions -->
