<?xml version="1.0" encoding="UTF-8"?>
<!-- Generated by org.testng.reporters.JUnitXMLReporter -->
<testsuite ignored="0" hostname="DELL" failures="1" tests="4" name="Test" time="105.338" errors="0" timestamp="2025-03-02T21:36:57 GMT-08:00">
  <testcase classname="LoginTestCases.LoginFunctionality" name="LoginUserWithCorrectEmailandPassword" time="8.151">
    <failure type="java.lang.AssertionError" message="expected [true] but found [false]">
      <![CDATA[java.lang.AssertionError: expected [true] but found [false]
at LoginTestCases.LoginFunctionality.LoginUserWithCorrectEmailandPassword(LoginFunctionality.java:18)
at java.base/java.util.ArrayList.forEach(ArrayList.java:1597)
... Removed 29 stack frames]]>
    </failure>
  </testcase> <!-- LoginUserWithCorrectEmailandPassword -->
  <testcase classname="LoginTestCases.LoginFunctionality" name="LoginUserWithWrongEmailandPassword" time="3.878"/>
  <testcase classname="UserRegistarionTestCases.UserRegistration" name="UserRegistartion" time="32.781"/>
  <testcase classname="UserRegistarionTestCases.UserRegistration" name="UserRegistrationWithExistingEmail" time="3.867"/>
</testsuite> <!-- Test -->
