<?xml version="1.0" encoding="UTF-8"?>
<!-- Generated by org.testng.reporters.JUnitXMLReporter -->
<testsuite ignored="2" hostname="DELL" failures="0" tests="2" name="Test" time="82.809" errors="0" timestamp="2024-12-27T03:15:24 GMT-08:00">
  <testcase classname="LoginTestCases.LoginFunctionality" name="LoginUserWithWrongEmailandPassword" time="5.185"/>
  <testcase classname="UserRegistarionTestCases.UserRegistration" name="UserRegistrationWithExistingEmail" time="5.776"/>
  <testcase classname="LoginTestCases.LoginFunctionality" name="LoginUserWithCorrectEmailandPassword" time="0.0">
    <ignored/>
  </testcase> <!-- LoginUserWithCorrectEmailandPassword -->
  <testcase classname="UserRegistarionTestCases.UserRegistration" name="UserRegistartion" time="0.0">
    <ignored/>
  </testcase> <!-- UserRegistartion -->
</testsuite> <!-- Test -->
