<?xml version="1.0" encoding="UTF-8"?>
<!-- Generated by org.testng.reporters.JUnitXMLReporter -->
<testsuite ignored="0" hostname="DELL" failures="0" tests="2" name="UserRegistration" time="105.022" errors="0" timestamp="2025-03-02T21:03:41 GMT-08:00">
  <testcase classname="UserRegistarionTestCases.UserRegistration" name="UserRegistartion" time="50.925"/>
  <testcase classname="UserRegistarionTestCases.UserRegistration" name="UserRegistrationWithExistingEmail" time="5.215"/>
</testsuite> <!-- UserRegistration -->
