<?xml version="1.0" encoding="UTF-8"?>
<testng-results ignored="0" total="4" passed="3" failed="1" skipped="0">
  <reporter-output>
  </reporter-output>
  <suite started-at="2025-03-02T21:35:11 GMT-08:00" name="Suite" finished-at="2025-03-02T21:36:56 GMT-08:00" duration-ms="105338">
    <groups>
      <group name="Invalid">
        <method signature="LoginFunctionality.LoginUserWithWrongEmailandPassword()[pri:0, instance:LoginTestCases.LoginFunctionality@5dda768f]" name="LoginUserWithWrongEmailandPassword" class="LoginTestCases.LoginFunctionality"/>
        <method signature="UserRegistration.UserRegistrationWithExistingEmail()[pri:0, instance:UserRegistarionTestCases.UserRegistration@7dc0f706]" name="UserRegistrationWithExistingEmail" class="UserRegistarionTestCases.UserRegistration"/>
      </group> <!-- Invalid -->
    </groups>
    <test started-at="2025-03-02T21:35:11 GMT-08:00" name="Test" finished-at="2025-03-02T21:36:56 GMT-08:00" duration-ms="105338">
      <class name="LoginTestCases.LoginFunctionality">
        <test-method is-config="true" signature="browserLaunch()[pri:0, instance:LoginTestCases.LoginFunctionality@5dda768f]" started-at="2025-03-02T21:35:11 GMT-08:00" name="browserLaunch" finished-at="2025-03-02T21:35:22 GMT-08:00" duration-ms="10826" status="PASS">
          <reporter-output>
          </reporter-output>
        </test-method> <!-- browserLaunch -->
        <test-method signature="LoginUserWithCorrectEmailandPassword()[pri:0, instance:LoginTestCases.LoginFunctionality@5dda768f]" started-at="2025-03-02T21:35:22 GMT-08:00" name="LoginUserWithCorrectEmailandPassword" finished-at="2025-03-02T21:35:30 GMT-08:00" duration-ms="8151" status="FAIL">
          <exception class="java.lang.AssertionError">
            <message>
              <![CDATA[expected [true] but found [false]]]>
            </message>
            <full-stacktrace>
              <![CDATA[java.lang.AssertionError: expected [true] but found [false]
at org.testng.Assert.fail(Assert.java:111)
at org.testng.Assert.failNotEquals(Assert.java:1578)
at org.testng.Assert.assertTrue(Assert.java:57)
at org.testng.Assert.assertTrue(Assert.java:67)
at LoginTestCases.LoginFunctionality.LoginUserWithCorrectEmailandPassword(LoginFunctionality.java:18)
at java.base/jdk.internal.reflect.DirectMethodHandleAccessor.invoke(DirectMethodHandleAccessor.java:103)
at java.base/java.lang.reflect.Method.invoke(Method.java:580)
at org.testng.internal.invokers.MethodInvocationHelper.invokeMethod(MethodInvocationHelper.java:141)
at org.testng.internal.invokers.TestInvoker.invokeMethod(TestInvoker.java:686)
at org.testng.internal.invokers.TestInvoker.invokeTestMethod(TestInvoker.java:230)
at org.testng.internal.invokers.MethodRunner.runInSequence(MethodRunner.java:63)
at org.testng.internal.invokers.TestInvoker$MethodInvocationAgent.invoke(TestInvoker.java:992)
at org.testng.internal.invokers.TestInvoker.invokeTestMethods(TestInvoker.java:203)
at org.testng.internal.invokers.TestMethodWorker.invokeTestMethods(TestMethodWorker.java:154)
at org.testng.internal.invokers.TestMethodWorker.run(TestMethodWorker.java:134)
at java.base/java.util.ArrayList.forEach(ArrayList.java:1597)
at org.testng.TestRunner.privateRun(TestRunner.java:739)
at org.testng.TestRunner.run(TestRunner.java:614)
at org.testng.SuiteRunner.runTest(SuiteRunner.java:421)
at org.testng.SuiteRunner.runSequentially(SuiteRunner.java:413)
at org.testng.SuiteRunner.privateRun(SuiteRunner.java:373)
at org.testng.SuiteRunner.run(SuiteRunner.java:312)
at org.testng.SuiteRunnerWorker.runSuite(SuiteRunnerWorker.java:52)
at org.testng.SuiteRunnerWorker.run(SuiteRunnerWorker.java:95)
at org.testng.TestNG.runSuitesSequentially(TestNG.java:1274)
at org.testng.TestNG.runSuitesLocally(TestNG.java:1208)
at org.testng.TestNG.runSuites(TestNG.java:1112)
at org.testng.TestNG.run(TestNG.java:1079)
at org.testng.remote.AbstractRemoteTestNG.run(AbstractRemoteTestNG.java:115)
at org.testng.remote.RemoteTestNG.initAndRun(RemoteTestNG.java:293)
at org.testng.remote.RemoteTestNG.main(RemoteTestNG.java:91)
]]>
            </full-stacktrace>
          </exception> <!-- java.lang.AssertionError -->
          <reporter-output>
          </reporter-output>
        </test-method> <!-- LoginUserWithCorrectEmailandPassword -->
        <test-method is-config="true" signature="quit()[pri:0, instance:LoginTestCases.LoginFunctionality@5dda768f]" started-at="2025-03-02T21:35:30 GMT-08:00" name="quit" finished-at="2025-03-02T21:35:30 GMT-08:00" duration-ms="151" status="PASS">
          <reporter-output>
          </reporter-output>
        </test-method> <!-- quit -->
        <test-method is-config="true" signature="browserLaunch()[pri:0, instance:LoginTestCases.LoginFunctionality@5dda768f]" started-at="2025-03-02T21:35:30 GMT-08:00" name="browserLaunch" finished-at="2025-03-02T21:35:47 GMT-08:00" duration-ms="16286" status="PASS">
          <reporter-output>
          </reporter-output>
        </test-method> <!-- browserLaunch -->
        <test-method signature="LoginUserWithWrongEmailandPassword()[pri:0, instance:LoginTestCases.LoginFunctionality@5dda768f]" started-at="2025-03-02T21:35:47 GMT-08:00" name="LoginUserWithWrongEmailandPassword" finished-at="2025-03-02T21:35:50 GMT-08:00" duration-ms="3878" status="PASS">
          <reporter-output>
          </reporter-output>
        </test-method> <!-- LoginUserWithWrongEmailandPassword -->
        <test-method is-config="true" signature="quit()[pri:0, instance:LoginTestCases.LoginFunctionality@5dda768f]" started-at="2025-03-02T21:35:50 GMT-08:00" name="quit" finished-at="2025-03-02T21:35:51 GMT-08:00" duration-ms="999" status="PASS">
          <reporter-output>
          </reporter-output>
        </test-method> <!-- quit -->
      </class> <!-- LoginTestCases.LoginFunctionality -->
      <class name="UserRegistarionTestCases.UserRegistration">
        <test-method is-config="true" signature="browserLaunch()[pri:0, instance:UserRegistarionTestCases.UserRegistration@7dc0f706]" started-at="2025-03-02T21:35:51 GMT-08:00" name="browserLaunch" finished-at="2025-03-02T21:36:08 GMT-08:00" duration-ms="16823" status="PASS">
          <reporter-output>
          </reporter-output>
        </test-method> <!-- browserLaunch -->
        <test-method signature="UserRegistartion()[pri:0, instance:UserRegistarionTestCases.UserRegistration@7dc0f706]" started-at="2025-03-02T21:36:08 GMT-08:00" name="UserRegistartion" finished-at="2025-03-02T21:36:41 GMT-08:00" duration-ms="32781" status="PASS">
          <reporter-output>
          </reporter-output>
        </test-method> <!-- UserRegistartion -->
        <test-method is-config="true" signature="quit()[pri:0, instance:UserRegistarionTestCases.UserRegistration@7dc0f706]" started-at="2025-03-02T21:36:41 GMT-08:00" name="quit" finished-at="2025-03-02T21:36:41 GMT-08:00" duration-ms="210" status="PASS">
          <reporter-output>
          </reporter-output>
        </test-method> <!-- quit -->
        <test-method is-config="true" signature="browserLaunch()[pri:0, instance:UserRegistarionTestCases.UserRegistration@7dc0f706]" started-at="2025-03-02T21:36:41 GMT-08:00" name="browserLaunch" finished-at="2025-03-02T21:36:52 GMT-08:00" duration-ms="10540" status="PASS">
          <reporter-output>
          </reporter-output>
        </test-method> <!-- browserLaunch -->
        <test-method signature="UserRegistrationWithExistingEmail()[pri:0, instance:UserRegistarionTestCases.UserRegistration@7dc0f706]" started-at="2025-03-02T21:36:52 GMT-08:00" name="UserRegistrationWithExistingEmail" finished-at="2025-03-02T21:36:56 GMT-08:00" duration-ms="3867" status="PASS">
          <reporter-output>
          </reporter-output>
        </test-method> <!-- UserRegistrationWithExistingEmail -->
        <test-method is-config="true" signature="quit()[pri:0, instance:UserRegistarionTestCases.UserRegistration@7dc0f706]" started-at="2025-03-02T21:36:56 GMT-08:00" name="quit" finished-at="2025-03-02T21:36:56 GMT-08:00" duration-ms="469" status="PASS">
          <reporter-output>
          </reporter-output>
        </test-method> <!-- quit -->
      </class> <!-- UserRegistarionTestCases.UserRegistration -->
    </test> <!-- Test -->
  </suite> <!-- Suite -->
</testng-results>
