<?xml version="1.0" encoding="UTF-8"?>
<testng-results ignored="0" total="1" passed="1" failed="0" skipped="0">
  <reporter-output>
  </reporter-output>
  <suite started-at="2024-01-26T19:06:51 GMT-08:00" name="Default suite" finished-at="2024-01-26T19:07:04 GMT-08:00" duration-ms="13516">
    <groups>
    </groups>
    <test started-at="2024-01-26T19:06:51 GMT-08:00" name="Default test" finished-at="2024-01-26T19:07:04 GMT-08:00" duration-ms="13516">
      <class name="TestNG.Date_picker">
        <test-method is-config="true" signature="lunchbrowser()[pri:0, instance:TestNG.Date_picker@1613674b]" started-at="2024-01-26T19:06:51 GMT-08:00" name="lunchbrowser" finished-at="2024-01-26T19:07:03 GMT-08:00" duration-ms="12263" status="PASS">
          <reporter-output>
          </reporter-output>
        </test-method> <!-- lunchbrowser -->
        <test-method signature="datepicker()[pri:0, instance:TestNG.Date_picker@1613674b]" started-at="2024-01-26T19:07:03 GMT-08:00" name="datepicker" finished-at="2024-01-26T19:07:04 GMT-08:00" duration-ms="1198" status="PASS">
          <reporter-output>
          </reporter-output>
        </test-method> <!-- datepicker -->
      </class> <!-- TestNG.Date_picker -->
    </test> <!-- Default test -->
  </suite> <!-- Default suite -->
</testng-results>
